2021-07-19 13:51:09 [36mINFO: [39m @vladmandic/human version 2.0.3 
2021-07-19 13:51:09 [36mINFO: [39m User: mgodoy Platform: linux Arch: x64 Node: v14.17.3 
2021-07-19 13:51:09 [36mINFO: [39m Toolchain:  {"tfjs":"3.8.0","esbuild":"0.12.15","typescript":"4.3.4","typedoc":"0.21.0","eslint":"7.31.0"} 
2021-07-19 13:51:09 [36mINFO: [39m Clean: ["dist/*","types/*","typedoc/*"] 
2021-07-19 13:51:09 [36mINFO: [39m Build: file startup all type: production config: {"minifyWhitespace":true,"minifyIdentifiers":true,"minifySyntax":true} 
2021-07-19 13:51:10 [35mSTATE:[39m  target: node type: tfjs: {"imports":1,"importBytes":102,"outputBytes":1303,"outputFiles":"dist/tfjs.esm.js"} 
2021-07-19 13:51:10 [35mSTATE:[39m  target: node type: node: {"imports":42,"importBytes":433163,"outputBytes":377194,"outputFiles":"dist/human.node.js"} 
2021-07-19 13:51:10 [35mSTATE:[39m  target: nodeGPU type: tfjs: {"imports":1,"importBytes":110,"outputBytes":1311,"outputFiles":"dist/tfjs.esm.js"} 
2021-07-19 13:51:10 [35mSTATE:[39m  target: nodeGPU type: node: {"imports":42,"importBytes":433171,"outputBytes":377198,"outputFiles":"dist/human.node-gpu.js"} 
2021-07-19 13:51:10 [35mSTATE:[39m  target: nodeWASM type: tfjs: {"imports":1,"importBytes":149,"outputBytes":1378,"outputFiles":"dist/tfjs.esm.js"} 
2021-07-19 13:51:10 [35mSTATE:[39m  target: nodeWASM type: node: {"imports":42,"importBytes":433238,"outputBytes":377270,"outputFiles":"dist/human.node-wasm.js"} 
2021-07-19 13:51:10 [35mSTATE:[39m  target: browserNoBundle type: tfjs: {"imports":1,"importBytes":2817,"outputBytes":1214,"outputFiles":"dist/tfjs.esm.js"} 
2021-07-19 13:51:11 [35mSTATE:[39m  target: browserNoBundle type: esm: {"imports":42,"importBytes":433074,"outputBytes":247654,"outputFiles":"dist/human.esm-nobundle.js"} 
2021-07-19 13:51:17 [35mSTATE:[39m  target: browserBundle type: tfjs: {"modules":1560,"moduleBytes":5666587,"imports":7,"importBytes":2817,"outputBytes":2737972,"outputFiles":"dist/tfjs.esm.js"} 
2021-07-19 13:51:18 [35mSTATE:[39m  target: browserBundle type: iife: {"imports":42,"importBytes":3169832,"outputBytes":1606589,"outputFiles":"dist/human.js"} 
2021-07-19 13:51:18 [35mSTATE:[39m  target: browserBundle type: esm: {"imports":42,"importBytes":3169832,"outputBytes":1606581,"outputFiles":"dist/human.esm.js"} 
2021-07-19 13:51:18 [36mINFO: [39m Running Linter: ["server/","src/","tfjs/","test/","demo/"] 
2021-07-19 13:52:22 [36mINFO: [39m Linter complete: files: 74 errors: 0 warnings: 0 
2021-07-19 13:52:22 [36mINFO: [39m Generate ChangeLog: ["/mnt/d/repos/mko/human/CHANGELOG.md"] 
2021-07-19 13:52:22 [36mINFO: [39m Generate Typings: ["src/human.ts"] outDir: ["types"] 
2021-07-19 13:52:50 [36mINFO: [39m Generate TypeDocs: ["src/human.ts"] outDir: ["typedoc"] 
2021-07-19 13:53:16 [36mINFO: [39m Documentation generated at /mnt/d/repos/mko/human/typedoc 1 
